<?xml version="1.0" encoding="UTF-8"?>
<robot generator="Robot 4.0 (Python 3.10.4 on darwin)" generated="20240107 11:41:04.933" rpa="false" schemaversion="2">
<suite id="s1" name="loginSuite" source="/Users/fakhriaskitafauzan/Mobile-Automation-Sanber52/sanbercode-52-mobile/suites/loginSuite.robot">
<test id="s1-t1" name="User should be able to login with valid credentials">
<kw name="Run Keywords" library="BuiltIn" type="SETUP">
<arg>Open Flight Application</arg>
<arg>AND Login With Valid Credentials</arg>
<doc>Executes all the given keywords in a sequence.</doc>
<kw name="Open Flight Application" library="base">
<kw name="Open Application" library="AppiumLibrary">
<arg>remote_url=${REMOTE_URL}</arg>
<arg>platformName=${PLATFORM_NAME}</arg>
<arg>platformVersion=${PLATFORM_VERSION}</arg>
<arg>deviceName=${DEVICE_NAME}</arg>
<arg>appPackage=${APP_PACKAGE}</arg>
<arg>appActivity=${APP_ACTIVITY}</arg>
<doc>Opens a new application to given Appium server.
Capabilities of appium server, Android and iOS,
Please check https://github.com/appium/appium/blob/master/docs/en/writing-running-appium/server-args.md
| *Option*            | *Man.* | *Description*     |
| remote_url          | Yes    | Appium server url |
| alias               | no     | alias             |</doc>
<status status="PASS" starttime="20240107 11:41:05.009" endtime="20240107 11:41:12.036"/>
</kw>
<status status="PASS" starttime="20240107 11:41:05.009" endtime="20240107 11:41:12.037"/>
</kw>
<kw name="AND Login With Valid Credentials" library="loginPage">
<kw name="Verify Home Page Appears" library="homePage">
<kw name="Wait Until Element Is Visible" library="AppiumLibrary">
<arg>${logo_homePage}</arg>
<doc>Waits until element specified with `locator` is visible.</doc>
<status status="PASS" starttime="20240107 11:41:12.039" endtime="20240107 11:41:12.610"/>
</kw>
<status status="PASS" starttime="20240107 11:41:12.038" endtime="20240107 11:41:12.610"/>
</kw>
<kw name="Click Sign In Button On Home Page" library="homePage">
<kw name="Wait Until Element Is Visible" library="AppiumLibrary">
<arg>${signIn_button_homePage}</arg>
<doc>Waits until element specified with `locator` is visible.</doc>
<status status="PASS" starttime="20240107 11:41:12.610" endtime="20240107 11:41:12.635"/>
</kw>
<kw name="Click Element" library="AppiumLibrary">
<arg>${signIn_button_homePage}</arg>
<doc>Click element identified by `locator`.</doc>
<msg timestamp="20240107 11:41:12.639" level="INFO">Clicking element '//android.widget.Button[@resource-id="com.example.myapplication:id/login"]'.</msg>
<status status="PASS" starttime="20240107 11:41:12.635" endtime="20240107 11:41:12.710"/>
</kw>
<status status="PASS" starttime="20240107 11:41:12.610" endtime="20240107 11:41:12.711"/>
</kw>
<kw name="Verify Login Appears" library="loginPage">
<kw name="Wait Until Element Is Visible" library="AppiumLibrary">
<arg>${email_input_loginPage}</arg>
<doc>Waits until element specified with `locator` is visible.</doc>
<status status="PASS" starttime="20240107 11:41:12.713" endtime="20240107 11:41:13.686"/>
</kw>
<kw name="Wait Until Element Is Visible" library="AppiumLibrary">
<arg>${password_input_loginPage}</arg>
<doc>Waits until element specified with `locator` is visible.</doc>
<status status="PASS" starttime="20240107 11:41:13.686" endtime="20240107 11:41:13.738"/>
</kw>
<kw name="Wait Until Element Is Visible" library="AppiumLibrary">
<arg>${signIn_button_loginPage}</arg>
<doc>Waits until element specified with `locator` is visible.</doc>
<status status="PASS" starttime="20240107 11:41:13.740" endtime="20240107 11:41:13.775"/>
</kw>
<status status="PASS" starttime="20240107 11:41:12.711" endtime="20240107 11:41:13.775"/>
</kw>
<kw name="Input User Email On Login Page" library="loginPage">
<arg>${email}</arg>
<kw name="Input Text" library="AppiumLibrary">
<arg>${email_input_loginPage}</arg>
<arg>${email}</arg>
<doc>Types the given `text` into text field identified by `locator`.</doc>
<msg timestamp="20240107 11:41:13.779" level="INFO">Typing text 'support@ngendigital.com' into text field '//android.widget.EditText[@resource-id="com.example.myapplication:id/username"]'</msg>
<status status="PASS" starttime="20240107 11:41:13.776" endtime="20240107 11:41:13.819"/>
</kw>
<status status="PASS" starttime="20240107 11:41:13.776" endtime="20240107 11:41:13.820"/>
</kw>
<kw name="Input User Password On Login Page" library="loginPage">
<arg>${password}</arg>
<kw name="Input Text" library="AppiumLibrary">
<arg>${password_input_loginPage}</arg>
<arg>${password}</arg>
<doc>Types the given `text` into text field identified by `locator`.</doc>
<msg timestamp="20240107 11:41:13.823" level="INFO">Typing text 'abc123' into text field '//android.widget.EditText[@resource-id="com.example.myapplication:id/password"]'</msg>
<status status="PASS" starttime="20240107 11:41:13.820" endtime="20240107 11:41:14.345"/>
</kw>
<status status="PASS" starttime="20240107 11:41:13.820" endtime="20240107 11:41:14.346"/>
</kw>
<kw name="Click Sign In Button On Login Page" library="loginPage">
<kw name="Click Element" library="AppiumLibrary">
<arg>${signIn_button_loginPage}</arg>
<doc>Click element identified by `locator`.</doc>
<msg timestamp="20240107 11:41:14.349" level="INFO">Clicking element '//android.widget.Button[@resource-id="com.example.myapplication:id/signIn"]'.</msg>
<status status="PASS" starttime="20240107 11:41:14.346" endtime="20240107 11:41:14.920"/>
</kw>
<status status="PASS" starttime="20240107 11:41:14.346" endtime="20240107 11:41:14.921"/>
</kw>
<status status="PASS" starttime="20240107 11:41:12.037" endtime="20240107 11:41:14.921"/>
</kw>
<status status="PASS" starttime="20240107 11:41:05.009" endtime="20240107 11:41:14.921"/>
</kw>
<kw name="Verify User Is Logged In" library="homePage">
<kw name="Wait Until Element Is Visible" library="AppiumLibrary">
<arg>${userName_text_homePage}</arg>
<doc>Waits until element specified with `locator` is visible.</doc>
<status status="PASS" starttime="20240107 11:41:14.922" endtime="20240107 11:41:15.660"/>
</kw>
<status status="PASS" starttime="20240107 11:41:14.922" endtime="20240107 11:41:15.661"/>
</kw>
<kw name="Close Flight Application" library="base" type="TEARDOWN">
<kw name="Close Application" library="AppiumLibrary">
<doc>Closes the current application and also close webdriver session.</doc>
<status status="PASS" starttime="20240107 11:41:15.661" endtime="20240107 11:41:16.048"/>
</kw>
<status status="PASS" starttime="20240107 11:41:15.661" endtime="20240107 11:41:16.049"/>
</kw>
<status status="PASS" starttime="20240107 11:41:05.008" endtime="20240107 11:41:16.049"/>
</test>
<status status="PASS" starttime="20240107 11:41:04.934" endtime="20240107 11:41:16.050"/>
</suite>
<statistics>
<total>
<stat pass="1" fail="0" skip="0">All Tests</stat>
</total>
<tag>
</tag>
<suite>
<stat pass="1" fail="0" skip="0" id="s1" name="loginSuite">loginSuite</stat>
</suite>
</statistics>
<errors>
</errors>
</robot>
